<?xml version="1.0" encoding="UTF-8"?>
<!-- Generated by org.testng.reporters.JUnitReportReporter -->
<testsuite skipped="0" hostname="BLT1224" name="testcases.LoginPageTestCase" tests="1" failures="0" timestamp="2020-02-19T11:57:11 IST" time="2.459" errors="0">
  <testcase name="login" time="2.459" classname="testcases.LoginPageTestCase"/>
  <system-out/>
</testsuite> <!-- testcases.LoginPageTestCase -->
